<?xml version="1.0" encoding="UTF-8"?>
<testng-results ignored="0" total="1" passed="1" failed="0" skipped="0">
  <reporter-output>
  </reporter-output>
  <suite started-at="2024-12-18T12:26:25 IST" name="Default suite" finished-at="2024-12-18T12:27:02 IST" duration-ms="37219">
    <groups>
    </groups>
    <test started-at="2024-12-18T12:26:25 IST" name="Default test" finished-at="2024-12-18T12:27:02 IST" duration-ms="37219">
      <class name="E2ETesting.TC_005_DragDop">
        <test-method signature="DragDrop()[pri:0, instance:E2ETesting.TC_005_DragDop@31368b99]" started-at="2024-12-18T12:26:25 IST" name="DragDrop" finished-at="2024-12-18T12:27:02 IST" duration-ms="36949" status="PASS">
          <reporter-output>
          </reporter-output>
        </test-method> <!-- DragDrop -->
      </class> <!-- E2ETesting.TC_005_DragDop -->
    </test> <!-- Default test -->
  </suite> <!-- Default suite -->
</testng-results>
