<?xml version="1.0" encoding="UTF-8"?>
<!-- Generated by org.testng.reporters.JUnitXMLReporter -->
<testsuite ignored="0" hostname="LAPTOP-IBDPOR48" failures="0" tests="4" name="Test" time="209.166" errors="0" timestamp="2024-12-07T15:50:38 IST">
  <testcase classname="E2ETesting.TC_001_LaunchWebPage1" name="LaunchSauceDemo" time="92.233"/>
  <testcase classname="E2ETesting.TC_002_LaunchWebPage1" name="LaunchSauceDemo" time="38.698"/>
  <testcase classname="E2ETesting.TC_003_LaunchWebPage1" name="LaunchSauceDemo" time="40.606"/>
  <testcase classname="E2ETesting.TC_004_LaunchWebPage1" name="LaunchSauceDemo" time="37.346"/>
</testsuite> <!-- Test -->
